{"/Users/saifrana/01.NTNU/bachelor/backend/src/app.ts": {"path":"/Users/saifrana/01.NTNU/bachelor/backend/src/app.ts","statementMap":{"0":{"start":{"line":14,"column":12},"end":{"line":14,"column":21}},"1":{"start":{"line":17,"column":20},"end":{"line":17,"column":48}},"2":{"start":{"line":18,"column":0},"end":{"line":18,"column":68}},"3":{"start":{"line":21,"column":0},"end":{"line":28,"column":2}},"4":{"start":{"line":29,"column":0},"end":{"line":29,"column":24}},"5":{"start":{"line":30,"column":0},"end":{"line":30,"column":24}},"6":{"start":{"line":31,"column":0},"end":{"line":37,"column":2}},"7":{"start":{"line":40,"column":0},"end":{"line":40,"column":33}},"8":{"start":{"line":41,"column":0},"end":{"line":41,"column":34}},"9":{"start":{"line":42,"column":0},"end":{"line":42,"column":41}},"10":{"start":{"line":43,"column":0},"end":{"line":43,"column":40}},"11":{"start":{"line":44,"column":0},"end":{"line":44,"column":36}},"12":{"start":{"line":47,"column":0},"end":{"line":49,"column":3}},"13":{"start":{"line":48,"column":2},"end":{"line":48,"column":33}}},"fnMap":{"0":{"name":"(anonymous_0)","decl":{"start":{"line":47,"column":13},"end":{"line":47,"column":14}},"loc":{"start":{"line":47,"column":45},"end":{"line":49,"column":1}}}},"branchMap":{},"s":{"0":5,"1":5,"2":5,"3":5,"4":5,"5":5,"6":5,"7":5,"8":5,"9":5,"10":5,"11":5,"12":5,"13":0},"f":{"0":0},"b":{}}
,"/Users/saifrana/01.NTNU/bachelor/backend/src/config/swagger.ts": {"path":"/Users/saifrana/01.NTNU/bachelor/backend/src/config/swagger.ts","statementMap":{"0":{"start":{"line":1,"column":30},"end":{"line":23,"column":2}}},"fnMap":{},"branchMap":{},"s":{"0":5},"f":{},"b":{}}
,"/Users/saifrana/01.NTNU/bachelor/backend/src/controllers/auth.controller.ts": {"path":"/Users/saifrana/01.NTNU/bachelor/backend/src/controllers/auth.controller.ts","statementMap":{"0":{"start":{"line":12,"column":31},"end":{"line":31,"column":1}},"1":{"start":{"line":17,"column":2},"end":{"line":17,"column":49}},"2":{"start":{"line":18,"column":2},"end":{"line":30,"column":3}},"3":{"start":{"line":19,"column":32},"end":{"line":19,"column":40}},"4":{"start":{"line":20,"column":19},"end":{"line":20,"column":56}},"5":{"start":{"line":22,"column":4},"end":{"line":25,"column":5}},"6":{"start":{"line":23,"column":6},"end":{"line":23,"column":63}},"7":{"start":{"line":24,"column":6},"end":{"line":24,"column":13}},"8":{"start":{"line":27,"column":4},"end":{"line":27,"column":33}},"9":{"start":{"line":29,"column":4},"end":{"line":29,"column":16}},"10":{"start":{"line":33,"column":38},"end":{"line":70,"column":1}},"11":{"start":{"line":38,"column":2},"end":{"line":69,"column":3}},"12":{"start":{"line":39,"column":30},"end":{"line":39,"column":41}},"13":{"start":{"line":40,"column":4},"end":{"line":43,"column":5}},"14":{"start":{"line":41,"column":6},"end":{"line":41,"column":66}},"15":{"start":{"line":42,"column":6},"end":{"line":42,"column":13}},"16":{"start":{"line":45,"column":20},"end":{"line":45,"column":53}},"17":{"start":{"line":46,"column":4},"end":{"line":49,"column":5}},"18":{"start":{"line":47,"column":6},"end":{"line":47,"column":65}},"19":{"start":{"line":48,"column":6},"end":{"line":48,"column":13}},"20":{"start":{"line":50,"column":25},"end":{"line":50,"column":38}},"21":{"start":{"line":51,"column":17},"end":{"line":51,"column":53}},"22":{"start":{"line":52,"column":4},"end":{"line":55,"column":5}},"23":{"start":{"line":53,"column":6},"end":{"line":53,"column":67}},"24":{"start":{"line":54,"column":6},"end":{"line":54,"column":13}},"25":{"start":{"line":57,"column":27},"end":{"line":57,"column":67}},"26":{"start":{"line":59,"column":4},"end":{"line":64,"column":7}},"27":{"start":{"line":66,"column":4},"end":{"line":66,"column":64}},"28":{"start":{"line":68,"column":4},"end":{"line":68,"column":63}},"29":{"start":{"line":72,"column":32},"end":{"line":81,"column":1}},"30":{"start":{"line":73,"column":2},"end":{"line":80,"column":3}},"31":{"start":{"line":74,"column":4},"end":{"line":74,"column":36}},"32":{"start":{"line":75,"column":4},"end":{"line":75,"column":37}},"33":{"start":{"line":77,"column":4},"end":{"line":77,"column":65}},"34":{"start":{"line":79,"column":4},"end":{"line":79,"column":55}}},"fnMap":{"0":{"name":"(anonymous_0)","decl":{"start":{"line":12,"column":31},"end":{"line":12,"column":36}},"loc":{"start":{"line":16,"column":19},"end":{"line":31,"column":1}}},"1":{"name":"(anonymous_1)","decl":{"start":{"line":33,"column":38},"end":{"line":33,"column":43}},"loc":{"start":{"line":37,"column":4},"end":{"line":70,"column":1}}},"2":{"name":"(anonymous_2)","decl":{"start":{"line":72,"column":32},"end":{"line":72,"column":37}},"loc":{"start":{"line":72,"column":70},"end":{"line":81,"column":1}}}},"branchMap":{"0":{"loc":{"start":{"line":22,"column":4},"end":{"line":25,"column":5}},"type":"if","locations":[{"start":{"line":22,"column":4},"end":{"line":25,"column":5}},{"start":{},"end":{}}]},"1":{"loc":{"start":{"line":40,"column":4},"end":{"line":43,"column":5}},"type":"if","locations":[{"start":{"line":40,"column":4},"end":{"line":43,"column":5}},{"start":{},"end":{}}]},"2":{"loc":{"start":{"line":46,"column":4},"end":{"line":49,"column":5}},"type":"if","locations":[{"start":{"line":46,"column":4},"end":{"line":49,"column":5}},{"start":{},"end":{}}]},"3":{"loc":{"start":{"line":52,"column":4},"end":{"line":55,"column":5}},"type":"if","locations":[{"start":{"line":52,"column":4},"end":{"line":55,"column":5}},{"start":{},"end":{}}]}},"s":{"0":5,"1":22,"2":22,"3":22,"4":22,"5":22,"6":4,"7":4,"8":18,"9":0,"10":5,"11":2,"12":2,"13":2,"14":2,"15":2,"16":0,"17":0,"18":0,"19":0,"20":0,"21":0,"22":0,"23":0,"24":0,"25":0,"26":0,"27":0,"28":0,"29":5,"30":4,"31":4,"32":4,"33":4,"34":0},"f":{"0":22,"1":2,"2":4},"b":{"0":[4,18],"1":[2,0],"2":[0,0],"3":[0,0]}}
,"/Users/saifrana/01.NTNU/bachelor/backend/src/controllers/company.controller.ts": {"path":"/Users/saifrana/01.NTNU/bachelor/backend/src/controllers/company.controller.ts","statementMap":{"0":{"start":{"line":4,"column":29},"end":{"line":29,"column":1}},"1":{"start":{"line":5,"column":2},"end":{"line":28,"column":3}},"2":{"start":{"line":6,"column":64},"end":{"line":6,"column":72}},"3":{"start":{"line":8,"column":20},"end":{"line":14,"column":null}},"4":{"start":{"line":17,"column":4},"end":{"line":20,"column":7}},"5":{"start":{"line":22,"column":4},"end":{"line":25,"column":5}},"6":{"start":{"line":23,"column":6},"end":{"line":23,"column":53}},"7":{"start":{"line":24,"column":6},"end":{"line":24,"column":13}},"8":{"start":{"line":26,"column":4},"end":{"line":26,"column":52}},"9":{"start":{"line":27,"column":4},"end":{"line":27,"column":64}},"10":{"start":{"line":31,"column":30},"end":{"line":46,"column":1}},"11":{"start":{"line":32,"column":2},"end":{"line":45,"column":3}},"12":{"start":{"line":33,"column":19},"end":{"line":33,"column":29}},"13":{"start":{"line":34,"column":20},"end":{"line":34,"column":69}},"14":{"start":{"line":36,"column":4},"end":{"line":39,"column":5}},"15":{"start":{"line":37,"column":6},"end":{"line":37,"column":59}},"16":{"start":{"line":38,"column":6},"end":{"line":38,"column":13}},"17":{"start":{"line":41,"column":4},"end":{"line":41,"column":34}},"18":{"start":{"line":43,"column":4},"end":{"line":43,"column":52}},"19":{"start":{"line":44,"column":4},"end":{"line":44,"column":63}},"20":{"start":{"line":48,"column":31},"end":{"line":56,"column":1}},"21":{"start":{"line":49,"column":2},"end":{"line":55,"column":3}},"22":{"start":{"line":50,"column":22},"end":{"line":50,"column":60}},"23":{"start":{"line":51,"column":4},"end":{"line":51,"column":36}},"24":{"start":{"line":53,"column":4},"end":{"line":53,"column":54}},"25":{"start":{"line":54,"column":4},"end":{"line":54,"column":65}},"26":{"start":{"line":58,"column":29},"end":{"line":78,"column":1}},"27":{"start":{"line":59,"column":2},"end":{"line":77,"column":3}},"28":{"start":{"line":60,"column":19},"end":{"line":60,"column":29}},"29":{"start":{"line":61,"column":23},"end":{"line":61,"column":31}},"30":{"start":{"line":63,"column":20},"end":{"line":63,"column":80}},"31":{"start":{"line":65,"column":4},"end":{"line":68,"column":5}},"32":{"start":{"line":66,"column":6},"end":{"line":66,"column":59}},"33":{"start":{"line":67,"column":6},"end":{"line":67,"column":13}},"34":{"start":{"line":70,"column":4},"end":{"line":73,"column":7}},"35":{"start":{"line":75,"column":4},"end":{"line":75,"column":52}},"36":{"start":{"line":76,"column":4},"end":{"line":76,"column":64}},"37":{"start":{"line":80,"column":29},"end":{"line":95,"column":1}},"38":{"start":{"line":81,"column":2},"end":{"line":94,"column":3}},"39":{"start":{"line":82,"column":19},"end":{"line":82,"column":29}},"40":{"start":{"line":83,"column":20},"end":{"line":83,"column":68}},"41":{"start":{"line":85,"column":4},"end":{"line":88,"column":5}},"42":{"start":{"line":86,"column":6},"end":{"line":86,"column":59}},"43":{"start":{"line":87,"column":6},"end":{"line":87,"column":13}},"44":{"start":{"line":90,"column":4},"end":{"line":90,"column":70}},"45":{"start":{"line":92,"column":4},"end":{"line":92,"column":52}},"46":{"start":{"line":93,"column":4},"end":{"line":93,"column":64}}},"fnMap":{"0":{"name":"(anonymous_0)","decl":{"start":{"line":4,"column":29},"end":{"line":4,"column":34}},"loc":{"start":{"line":4,"column":67},"end":{"line":29,"column":1}}},"1":{"name":"(anonymous_1)","decl":{"start":{"line":31,"column":30},"end":{"line":31,"column":35}},"loc":{"start":{"line":31,"column":68},"end":{"line":46,"column":1}}},"2":{"name":"(anonymous_2)","decl":{"start":{"line":48,"column":31},"end":{"line":48,"column":36}},"loc":{"start":{"line":48,"column":69},"end":{"line":56,"column":1}}},"3":{"name":"(anonymous_3)","decl":{"start":{"line":58,"column":29},"end":{"line":58,"column":34}},"loc":{"start":{"line":58,"column":67},"end":{"line":78,"column":1}}},"4":{"name":"(anonymous_4)","decl":{"start":{"line":80,"column":29},"end":{"line":80,"column":34}},"loc":{"start":{"line":80,"column":67},"end":{"line":95,"column":1}}}},"branchMap":{"0":{"loc":{"start":{"line":22,"column":4},"end":{"line":25,"column":5}},"type":"if","locations":[{"start":{"line":22,"column":4},"end":{"line":25,"column":5}},{"start":{},"end":{}}]},"1":{"loc":{"start":{"line":22,"column":8},"end":{"line":22,"column":74}},"type":"binary-expr","locations":[{"start":{"line":22,"column":8},"end":{"line":22,"column":30}},{"start":{"line":22,"column":34},"end":{"line":22,"column":74}}]},"2":{"loc":{"start":{"line":36,"column":4},"end":{"line":39,"column":5}},"type":"if","locations":[{"start":{"line":36,"column":4},"end":{"line":39,"column":5}},{"start":{},"end":{}}]},"3":{"loc":{"start":{"line":65,"column":4},"end":{"line":68,"column":5}},"type":"if","locations":[{"start":{"line":65,"column":4},"end":{"line":68,"column":5}},{"start":{},"end":{}}]},"4":{"loc":{"start":{"line":85,"column":4},"end":{"line":88,"column":5}},"type":"if","locations":[{"start":{"line":85,"column":4},"end":{"line":88,"column":5}},{"start":{},"end":{}}]}},"s":{"0":5,"1":2,"2":2,"3":2,"4":2,"5":0,"6":0,"7":0,"8":0,"9":0,"10":5,"11":3,"12":3,"13":3,"14":3,"15":2,"16":2,"17":1,"18":0,"19":0,"20":5,"21":2,"22":2,"23":2,"24":0,"25":0,"26":5,"27":2,"28":2,"29":2,"30":2,"31":2,"32":1,"33":1,"34":1,"35":0,"36":0,"37":5,"38":2,"39":2,"40":2,"41":2,"42":1,"43":1,"44":1,"45":0,"46":0},"f":{"0":2,"1":3,"2":2,"3":2,"4":2},"b":{"0":[0,0],"1":[0,0],"2":[2,1],"3":[1,1],"4":[1,1]}}
,"/Users/saifrana/01.NTNU/bachelor/backend/src/controllers/order.controller.ts": {"path":"/Users/saifrana/01.NTNU/bachelor/backend/src/controllers/order.controller.ts","statementMap":{"0":{"start":{"line":13,"column":27},"end":{"line":47,"column":1}},"1":{"start":{"line":18,"column":2},"end":{"line":46,"column":3}},"2":{"start":{"line":19,"column":46},"end":{"line":19,"column":54}},"3":{"start":{"line":20,"column":19},"end":{"line":20,"column":35}},"4":{"start":{"line":22,"column":4},"end":{"line":25,"column":5}},"5":{"start":{"line":23,"column":6},"end":{"line":23,"column":64}},"6":{"start":{"line":24,"column":6},"end":{"line":24,"column":13}},"7":{"start":{"line":27,"column":18},"end":{"line":31,"column":null}},"8":{"start":{"line":34,"column":4},"end":{"line":37,"column":7}},"9":{"start":{"line":39,"column":4},"end":{"line":44,"column":5}},"10":{"start":{"line":40,"column":6},"end":{"line":43,"column":7}},"11":{"start":{"line":41,"column":8},"end":{"line":41,"column":55}},"12":{"start":{"line":42,"column":8},"end":{"line":42,"column":15}},"13":{"start":{"line":45,"column":4},"end":{"line":45,"column":16}},"14":{"start":{"line":49,"column":28},"end":{"line":67,"column":1}},"15":{"start":{"line":54,"column":2},"end":{"line":66,"column":3}},"16":{"start":{"line":55,"column":19},"end":{"line":55,"column":29}},"17":{"start":{"line":56,"column":18},"end":{"line":56,"column":53}},"18":{"start":{"line":58,"column":4},"end":{"line":61,"column":5}},"19":{"start":{"line":59,"column":6},"end":{"line":59,"column":57}},"20":{"start":{"line":60,"column":6},"end":{"line":60,"column":13}},"21":{"start":{"line":63,"column":4},"end":{"line":63,"column":32}},"22":{"start":{"line":65,"column":4},"end":{"line":65,"column":16}},"23":{"start":{"line":69,"column":34},"end":{"line":81,"column":1}},"24":{"start":{"line":74,"column":2},"end":{"line":80,"column":3}},"25":{"start":{"line":75,"column":26},"end":{"line":75,"column":36}},"26":{"start":{"line":76,"column":19},"end":{"line":76,"column":67}},"27":{"start":{"line":77,"column":4},"end":{"line":77,"column":33}},"28":{"start":{"line":79,"column":4},"end":{"line":79,"column":16}},"29":{"start":{"line":83,"column":27},"end":{"line":101,"column":1}},"30":{"start":{"line":88,"column":2},"end":{"line":100,"column":3}},"31":{"start":{"line":89,"column":19},"end":{"line":89,"column":35}},"32":{"start":{"line":91,"column":4},"end":{"line":94,"column":5}},"33":{"start":{"line":92,"column":6},"end":{"line":92,"column":64}},"34":{"start":{"line":93,"column":6},"end":{"line":93,"column":13}},"35":{"start":{"line":96,"column":19},"end":{"line":96,"column":61}},"36":{"start":{"line":97,"column":4},"end":{"line":97,"column":33}},"37":{"start":{"line":99,"column":4},"end":{"line":99,"column":16}},"38":{"start":{"line":103,"column":33},"end":{"line":126,"column":1}},"39":{"start":{"line":108,"column":2},"end":{"line":125,"column":3}},"40":{"start":{"line":109,"column":19},"end":{"line":109,"column":29}},"41":{"start":{"line":110,"column":23},"end":{"line":110,"column":58}},"42":{"start":{"line":112,"column":18},"end":{"line":112,"column":66}},"43":{"start":{"line":114,"column":4},"end":{"line":117,"column":5}},"44":{"start":{"line":115,"column":6},"end":{"line":115,"column":57}},"45":{"start":{"line":116,"column":6},"end":{"line":116,"column":13}},"46":{"start":{"line":119,"column":4},"end":{"line":122,"column":7}},"47":{"start":{"line":124,"column":4},"end":{"line":124,"column":16}},"48":{"start":{"line":128,"column":27},"end":{"line":146,"column":1}},"49":{"start":{"line":133,"column":2},"end":{"line":145,"column":3}},"50":{"start":{"line":134,"column":19},"end":{"line":134,"column":29}},"51":{"start":{"line":135,"column":18},"end":{"line":135,"column":52}},"52":{"start":{"line":137,"column":4},"end":{"line":140,"column":5}},"53":{"start":{"line":138,"column":6},"end":{"line":138,"column":57}},"54":{"start":{"line":139,"column":6},"end":{"line":139,"column":13}},"55":{"start":{"line":142,"column":4},"end":{"line":142,"column":68}},"56":{"start":{"line":144,"column":4},"end":{"line":144,"column":16}},"57":{"start":{"line":148,"column":28},"end":{"line":159,"column":1}},"58":{"start":{"line":153,"column":2},"end":{"line":158,"column":3}},"59":{"start":{"line":154,"column":19},"end":{"line":154,"column":52}},"60":{"start":{"line":155,"column":4},"end":{"line":155,"column":33}},"61":{"start":{"line":157,"column":4},"end":{"line":157,"column":16}}},"fnMap":{"0":{"name":"(anonymous_0)","decl":{"start":{"line":13,"column":27},"end":{"line":13,"column":32}},"loc":{"start":{"line":17,"column":4},"end":{"line":47,"column":1}}},"1":{"name":"(anonymous_1)","decl":{"start":{"line":49,"column":28},"end":{"line":49,"column":33}},"loc":{"start":{"line":53,"column":4},"end":{"line":67,"column":1}}},"2":{"name":"(anonymous_2)","decl":{"start":{"line":69,"column":34},"end":{"line":69,"column":39}},"loc":{"start":{"line":73,"column":4},"end":{"line":81,"column":1}}},"3":{"name":"(anonymous_3)","decl":{"start":{"line":83,"column":27},"end":{"line":83,"column":32}},"loc":{"start":{"line":87,"column":4},"end":{"line":101,"column":1}}},"4":{"name":"(anonymous_4)","decl":{"start":{"line":103,"column":33},"end":{"line":103,"column":38}},"loc":{"start":{"line":107,"column":4},"end":{"line":126,"column":1}}},"5":{"name":"(anonymous_5)","decl":{"start":{"line":128,"column":27},"end":{"line":128,"column":32}},"loc":{"start":{"line":132,"column":4},"end":{"line":146,"column":1}}},"6":{"name":"(anonymous_6)","decl":{"start":{"line":148,"column":28},"end":{"line":148,"column":33}},"loc":{"start":{"line":152,"column":4},"end":{"line":159,"column":1}}}},"branchMap":{"0":{"loc":{"start":{"line":22,"column":4},"end":{"line":25,"column":5}},"type":"if","locations":[{"start":{"line":22,"column":4},"end":{"line":25,"column":5}},{"start":{},"end":{}}]},"1":{"loc":{"start":{"line":39,"column":4},"end":{"line":44,"column":5}},"type":"if","locations":[{"start":{"line":39,"column":4},"end":{"line":44,"column":5}},{"start":{},"end":{}}]},"2":{"loc":{"start":{"line":40,"column":6},"end":{"line":43,"column":7}},"type":"if","locations":[{"start":{"line":40,"column":6},"end":{"line":43,"column":7}},{"start":{},"end":{}}]},"3":{"loc":{"start":{"line":58,"column":4},"end":{"line":61,"column":5}},"type":"if","locations":[{"start":{"line":58,"column":4},"end":{"line":61,"column":5}},{"start":{},"end":{}}]},"4":{"loc":{"start":{"line":91,"column":4},"end":{"line":94,"column":5}},"type":"if","locations":[{"start":{"line":91,"column":4},"end":{"line":94,"column":5}},{"start":{},"end":{}}]},"5":{"loc":{"start":{"line":114,"column":4},"end":{"line":117,"column":5}},"type":"if","locations":[{"start":{"line":114,"column":4},"end":{"line":117,"column":5}},{"start":{},"end":{}}]},"6":{"loc":{"start":{"line":137,"column":4},"end":{"line":140,"column":5}},"type":"if","locations":[{"start":{"line":137,"column":4},"end":{"line":140,"column":5}},{"start":{},"end":{}}]}},"s":{"0":5,"1":9,"2":9,"3":9,"4":9,"5":0,"6":0,"7":9,"8":8,"9":1,"10":1,"11":1,"12":1,"13":0,"14":5,"15":3,"16":3,"17":3,"18":3,"19":2,"20":2,"21":1,"22":0,"23":5,"24":1,"25":1,"26":1,"27":1,"28":0,"29":5,"30":1,"31":1,"32":1,"33":0,"34":0,"35":1,"36":1,"37":0,"38":5,"39":1,"40":1,"41":1,"42":1,"43":1,"44":0,"45":0,"46":1,"47":0,"48":5,"49":1,"50":1,"51":1,"52":1,"53":0,"54":0,"55":1,"56":0,"57":5,"58":1,"59":1,"60":1,"61":0},"f":{"0":9,"1":3,"2":1,"3":1,"4":1,"5":1,"6":1},"b":{"0":[0,9],"1":[1,0],"2":[1,0],"3":[2,1],"4":[0,1],"5":[0,1],"6":[0,1]}}
,"/Users/saifrana/01.NTNU/bachelor/backend/src/controllers/product.controller.ts": {"path":"/Users/saifrana/01.NTNU/bachelor/backend/src/controllers/product.controller.ts","statementMap":{"0":{"start":{"line":4,"column":29},"end":{"line":28,"column":1}},"1":{"start":{"line":9,"column":2},"end":{"line":27,"column":3}},"2":{"start":{"line":10,"column":65},"end":{"line":10,"column":73}},"3":{"start":{"line":12,"column":20},"end":{"line":18,"column":null}},"4":{"start":{"line":21,"column":4},"end":{"line":24,"column":7}},"5":{"start":{"line":26,"column":4},"end":{"line":26,"column":16}},"6":{"start":{"line":30,"column":30},"end":{"line":48,"column":1}},"7":{"start":{"line":35,"column":2},"end":{"line":47,"column":3}},"8":{"start":{"line":36,"column":19},"end":{"line":36,"column":29}},"9":{"start":{"line":37,"column":20},"end":{"line":37,"column":59}},"10":{"start":{"line":39,"column":4},"end":{"line":42,"column":5}},"11":{"start":{"line":40,"column":6},"end":{"line":40,"column":59}},"12":{"start":{"line":41,"column":6},"end":{"line":41,"column":13}},"13":{"start":{"line":44,"column":4},"end":{"line":44,"column":34}},"14":{"start":{"line":46,"column":4},"end":{"line":46,"column":16}},"15":{"start":{"line":50,"column":30},"end":{"line":61,"column":1}},"16":{"start":{"line":55,"column":2},"end":{"line":60,"column":3}},"17":{"start":{"line":56,"column":21},"end":{"line":56,"column":58}},"18":{"start":{"line":57,"column":4},"end":{"line":57,"column":35}},"19":{"start":{"line":59,"column":4},"end":{"line":59,"column":16}},"20":{"start":{"line":63,"column":29},"end":{"line":86,"column":1}},"21":{"start":{"line":68,"column":2},"end":{"line":85,"column":3}},"22":{"start":{"line":69,"column":19},"end":{"line":69,"column":29}},"23":{"start":{"line":70,"column":23},"end":{"line":70,"column":31}},"24":{"start":{"line":72,"column":20},"end":{"line":72,"column":70}},"25":{"start":{"line":74,"column":4},"end":{"line":77,"column":5}},"26":{"start":{"line":75,"column":6},"end":{"line":75,"column":59}},"27":{"start":{"line":76,"column":6},"end":{"line":76,"column":13}},"28":{"start":{"line":79,"column":4},"end":{"line":82,"column":7}},"29":{"start":{"line":84,"column":4},"end":{"line":84,"column":16}},"30":{"start":{"line":88,"column":29},"end":{"line":106,"column":1}},"31":{"start":{"line":93,"column":2},"end":{"line":105,"column":3}},"32":{"start":{"line":94,"column":19},"end":{"line":94,"column":29}},"33":{"start":{"line":95,"column":20},"end":{"line":95,"column":58}},"34":{"start":{"line":97,"column":4},"end":{"line":100,"column":5}},"35":{"start":{"line":98,"column":6},"end":{"line":98,"column":59}},"36":{"start":{"line":99,"column":6},"end":{"line":99,"column":13}},"37":{"start":{"line":102,"column":4},"end":{"line":102,"column":70}},"38":{"start":{"line":104,"column":4},"end":{"line":104,"column":16}}},"fnMap":{"0":{"name":"(anonymous_0)","decl":{"start":{"line":4,"column":29},"end":{"line":4,"column":34}},"loc":{"start":{"line":8,"column":4},"end":{"line":28,"column":1}}},"1":{"name":"(anonymous_1)","decl":{"start":{"line":30,"column":30},"end":{"line":30,"column":35}},"loc":{"start":{"line":34,"column":4},"end":{"line":48,"column":1}}},"2":{"name":"(anonymous_2)","decl":{"start":{"line":50,"column":30},"end":{"line":50,"column":35}},"loc":{"start":{"line":54,"column":4},"end":{"line":61,"column":1}}},"3":{"name":"(anonymous_3)","decl":{"start":{"line":63,"column":29},"end":{"line":63,"column":34}},"loc":{"start":{"line":67,"column":4},"end":{"line":86,"column":1}}},"4":{"name":"(anonymous_4)","decl":{"start":{"line":88,"column":29},"end":{"line":88,"column":34}},"loc":{"start":{"line":92,"column":4},"end":{"line":106,"column":1}}}},"branchMap":{"0":{"loc":{"start":{"line":39,"column":4},"end":{"line":42,"column":5}},"type":"if","locations":[{"start":{"line":39,"column":4},"end":{"line":42,"column":5}},{"start":{},"end":{}}]},"1":{"loc":{"start":{"line":74,"column":4},"end":{"line":77,"column":5}},"type":"if","locations":[{"start":{"line":74,"column":4},"end":{"line":77,"column":5}},{"start":{},"end":{}}]},"2":{"loc":{"start":{"line":97,"column":4},"end":{"line":100,"column":5}},"type":"if","locations":[{"start":{"line":97,"column":4},"end":{"line":100,"column":5}},{"start":{},"end":{}}]}},"s":{"0":5,"1":1,"2":1,"3":1,"4":1,"5":0,"6":5,"7":3,"8":3,"9":3,"10":3,"11":2,"12":2,"13":1,"14":0,"15":5,"16":2,"17":2,"18":2,"19":0,"20":5,"21":2,"22":2,"23":2,"24":2,"25":2,"26":1,"27":1,"28":1,"29":0,"30":5,"31":2,"32":2,"33":2,"34":2,"35":1,"36":1,"37":1,"38":0},"f":{"0":1,"1":3,"2":2,"3":2,"4":2},"b":{"0":[2,1],"1":[1,1],"2":[1,1]}}
,"/Users/saifrana/01.NTNU/bachelor/backend/src/controllers/user.controller.ts": {"path":"/Users/saifrana/01.NTNU/bachelor/backend/src/controllers/user.controller.ts","statementMap":{"0":{"start":{"line":11,"column":26},"end":{"line":27,"column":1}},"1":{"start":{"line":12,"column":2},"end":{"line":26,"column":3}},"2":{"start":{"line":13,"column":64},"end":{"line":13,"column":76}},"3":{"start":{"line":14,"column":17},"end":{"line":14,"column":84}},"4":{"start":{"line":16,"column":4},"end":{"line":19,"column":7}},"5":{"start":{"line":21,"column":4},"end":{"line":25,"column":5}},"6":{"start":{"line":22,"column":6},"end":{"line":22,"column":60}},"7":{"start":{"line":24,"column":6},"end":{"line":24,"column":73}},"8":{"start":{"line":29,"column":29},"end":{"line":37,"column":1}},"9":{"start":{"line":30,"column":2},"end":{"line":36,"column":3}},"10":{"start":{"line":31,"column":18},"end":{"line":31,"column":37}},"11":{"start":{"line":33,"column":4},"end":{"line":33,"column":32}},"12":{"start":{"line":35,"column":4},"end":{"line":35,"column":64}},"13":{"start":{"line":40,"column":32},"end":{"line":57,"column":1}},"14":{"start":{"line":44,"column":2},"end":{"line":56,"column":3}},"15":{"start":{"line":45,"column":17},"end":{"line":45,"column":59}},"16":{"start":{"line":47,"column":4},"end":{"line":50,"column":5}},"17":{"start":{"line":48,"column":6},"end":{"line":48,"column":58}},"18":{"start":{"line":49,"column":6},"end":{"line":49,"column":13}},"19":{"start":{"line":52,"column":4},"end":{"line":52,"column":31}},"20":{"start":{"line":54,"column":4},"end":{"line":54,"column":51}},"21":{"start":{"line":55,"column":4},"end":{"line":55,"column":63}},"22":{"start":{"line":60,"column":30},"end":{"line":79,"column":1}},"23":{"start":{"line":64,"column":2},"end":{"line":78,"column":3}},"24":{"start":{"line":65,"column":19},"end":{"line":65,"column":29}},"25":{"start":{"line":66,"column":46},"end":{"line":66,"column":54}},"26":{"start":{"line":67,"column":24},"end":{"line":67,"column":89}},"27":{"start":{"line":68,"column":4},"end":{"line":71,"column":5}},"28":{"start":{"line":69,"column":6},"end":{"line":69,"column":58}},"29":{"start":{"line":70,"column":6},"end":{"line":70,"column":13}},"30":{"start":{"line":73,"column":4},"end":{"line":75,"column":73}},"31":{"start":{"line":77,"column":4},"end":{"line":77,"column":70}}},"fnMap":{"0":{"name":"(anonymous_0)","decl":{"start":{"line":11,"column":26},"end":{"line":11,"column":31}},"loc":{"start":{"line":11,"column":73},"end":{"line":27,"column":1}}},"1":{"name":"(anonymous_1)","decl":{"start":{"line":29,"column":29},"end":{"line":29,"column":34}},"loc":{"start":{"line":29,"column":67},"end":{"line":37,"column":1}}},"2":{"name":"(anonymous_2)","decl":{"start":{"line":40,"column":32},"end":{"line":40,"column":37}},"loc":{"start":{"line":43,"column":19},"end":{"line":57,"column":1}}},"3":{"name":"(anonymous_3)","decl":{"start":{"line":60,"column":30},"end":{"line":60,"column":35}},"loc":{"start":{"line":63,"column":19},"end":{"line":79,"column":1}}}},"branchMap":{"0":{"loc":{"start":{"line":21,"column":4},"end":{"line":25,"column":5}},"type":"if","locations":[{"start":{"line":21,"column":4},"end":{"line":25,"column":5}},{"start":{"line":23,"column":11},"end":{"line":25,"column":5}}]},"1":{"loc":{"start":{"line":47,"column":4},"end":{"line":50,"column":5}},"type":"if","locations":[{"start":{"line":47,"column":4},"end":{"line":50,"column":5}},{"start":{},"end":{}}]},"2":{"loc":{"start":{"line":68,"column":4},"end":{"line":71,"column":5}},"type":"if","locations":[{"start":{"line":68,"column":4},"end":{"line":71,"column":5}},{"start":{},"end":{}}]}},"s":{"0":5,"1":1,"2":1,"3":1,"4":1,"5":0,"6":0,"7":0,"8":5,"9":2,"10":2,"11":2,"12":0,"13":5,"14":3,"15":3,"16":3,"17":1,"18":1,"19":2,"20":0,"21":0,"22":5,"23":2,"24":2,"25":2,"26":2,"27":2,"28":1,"29":1,"30":1,"31":0},"f":{"0":1,"1":2,"2":3,"3":2},"b":{"0":[0,0],"1":[1,2],"2":[1,1]}}
,"/Users/saifrana/01.NTNU/bachelor/backend/src/middlewares/auth.middleware.ts": {"path":"/Users/saifrana/01.NTNU/bachelor/backend/src/middlewares/auth.middleware.ts","statementMap":{"0":{"start":{"line":12,"column":32},"end":{"line":34,"column":1}},"1":{"start":{"line":17,"column":2},"end":{"line":33,"column":3}},"2":{"start":{"line":18,"column":18},"end":{"line":18,"column":42}},"3":{"start":{"line":20,"column":4},"end":{"line":23,"column":5}},"4":{"start":{"line":21,"column":6},"end":{"line":21,"column":56}},"5":{"start":{"line":22,"column":6},"end":{"line":22,"column":13}},"6":{"start":{"line":25,"column":20},"end":{"line":25,"column":44}},"7":{"start":{"line":26,"column":4},"end":{"line":26,"column":43}},"8":{"start":{"line":27,"column":5},"end":{"line":27,"column":32}},"9":{"start":{"line":29,"column":4},"end":{"line":29,"column":11}},"10":{"start":{"line":31,"column":4},"end":{"line":31,"column":55}},"11":{"start":{"line":32,"column":4},"end":{"line":32,"column":11}}},"fnMap":{"0":{"name":"(anonymous_0)","decl":{"start":{"line":12,"column":32},"end":{"line":12,"column":37}},"loc":{"start":{"line":16,"column":19},"end":{"line":34,"column":1}}}},"branchMap":{"0":{"loc":{"start":{"line":20,"column":4},"end":{"line":23,"column":5}},"type":"if","locations":[{"start":{"line":20,"column":4},"end":{"line":23,"column":5}},{"start":{},"end":{}}]}},"s":{"0":5,"1":18,"2":18,"3":18,"4":4,"5":4,"6":14,"7":14,"8":14,"9":14,"10":0,"11":0},"f":{"0":18},"b":{"0":[4,14]}}
,"/Users/saifrana/01.NTNU/bachelor/backend/src/middlewares/requestValidator.middleware.ts": {"path":"/Users/saifrana/01.NTNU/bachelor/backend/src/middlewares/requestValidator.middleware.ts","statementMap":{"0":{"start":{"line":4,"column":48},"end":{"line":13,"column":1}},"1":{"start":{"line":5,"column":17},"end":{"line":5,"column":38}},"2":{"start":{"line":7,"column":2},"end":{"line":10,"column":3}},"3":{"start":{"line":8,"column":4},"end":{"line":8,"column":53}},"4":{"start":{"line":9,"column":4},"end":{"line":9,"column":11}},"5":{"start":{"line":12,"column":2},"end":{"line":12,"column":9}}},"fnMap":{"0":{"name":"(anonymous_0)","decl":{"start":{"line":4,"column":48},"end":{"line":4,"column":49}},"loc":{"start":{"line":4,"column":67},"end":{"line":13,"column":1}}}},"branchMap":{"0":{"loc":{"start":{"line":7,"column":2},"end":{"line":10,"column":3}},"type":"if","locations":[{"start":{"line":7,"column":2},"end":{"line":10,"column":3}},{"start":{},"end":{}}]}},"s":{"0":5,"1":36,"2":36,"3":12,"4":12,"5":24},"f":{"0":36},"b":{"0":[12,24]}}
,"/Users/saifrana/01.NTNU/bachelor/backend/src/models/company.model.ts": {"path":"/Users/saifrana/01.NTNU/bachelor/backend/src/models/company.model.ts","statementMap":{"0":{"start":{"line":15,"column":22},"end":{"line":37,"column":28}},"1":{"start":{"line":39,"column":23},"end":{"line":39,"column":73}}},"fnMap":{},"branchMap":{},"s":{"0":5,"1":5},"f":{},"b":{}}
,"/Users/saifrana/01.NTNU/bachelor/backend/src/models/order.model.ts": {"path":"/Users/saifrana/01.NTNU/bachelor/backend/src/models/order.model.ts","statementMap":{"0":{"start":{"line":32,"column":24},"end":{"line":54,"column":2}},"1":{"start":{"line":56,"column":20},"end":{"line":103,"column":null}},"2":{"start":{"line":83,"column":44},"end":{"line":83,"column":60}},"3":{"start":{"line":107,"column":0},"end":{"line":107,"column":34}},"4":{"start":{"line":108,"column":0},"end":{"line":108,"column":36}},"5":{"start":{"line":110,"column":21},"end":{"line":110,"column":65}}},"fnMap":{"0":{"name":"(anonymous_0)","decl":{"start":{"line":83,"column":19},"end":{"line":83,"column":20}},"loc":{"start":{"line":83,"column":44},"end":{"line":83,"column":60}}}},"branchMap":{},"s":{"0":5,"1":5,"2":8,"3":5,"4":5,"5":5},"f":{"0":8},"b":{}}
,"/Users/saifrana/01.NTNU/bachelor/backend/src/models/product.model.ts": {"path":"/Users/saifrana/01.NTNU/bachelor/backend/src/models/product.model.ts","statementMap":{"0":{"start":{"line":15,"column":22},"end":{"line":41,"column":null}},"1":{"start":{"line":44,"column":23},"end":{"line":44,"column":73}}},"fnMap":{},"branchMap":{},"s":{"0":5,"1":5},"f":{},"b":{}}
,"/Users/saifrana/01.NTNU/bachelor/backend/src/models/user.model.ts": {"path":"/Users/saifrana/01.NTNU/bachelor/backend/src/models/user.model.ts","statementMap":{"0":{"start":{"line":18,"column":19},"end":{"line":52,"column":28}},"1":{"start":{"line":54,"column":20},"end":{"line":54,"column":61}}},"fnMap":{},"branchMap":{},"s":{"0":5,"1":5},"f":{},"b":{}}
,"/Users/saifrana/01.NTNU/bachelor/backend/src/routes/auth.routes.ts": {"path":"/Users/saifrana/01.NTNU/bachelor/backend/src/routes/auth.routes.ts","statementMap":{"0":{"start":{"line":4,"column":15},"end":{"line":4,"column":23}},"1":{"start":{"line":7,"column":0},"end":{"line":7,"column":39}},"2":{"start":{"line":10,"column":0},"end":{"line":10,"column":54}},"3":{"start":{"line":13,"column":0},"end":{"line":13,"column":41}}},"fnMap":{},"branchMap":{},"s":{"0":5,"1":5,"2":5,"3":5},"f":{},"b":{}}
,"/Users/saifrana/01.NTNU/bachelor/backend/src/routes/company.routes.ts": {"path":"/Users/saifrana/01.NTNU/bachelor/backend/src/routes/company.routes.ts","statementMap":{"0":{"start":{"line":15,"column":15},"end":{"line":15,"column":23}},"1":{"start":{"line":18,"column":0},"end":{"line":18,"column":74}},"2":{"start":{"line":21,"column":0},"end":{"line":21,"column":33}},"3":{"start":{"line":24,"column":0},"end":{"line":24,"column":35}},"4":{"start":{"line":27,"column":0},"end":{"line":27,"column":76}},"5":{"start":{"line":30,"column":0},"end":{"line":30,"column":37}}},"fnMap":{},"branchMap":{},"s":{"0":5,"1":5,"2":5,"3":5,"4":5,"5":5},"f":{},"b":{}}
,"/Users/saifrana/01.NTNU/bachelor/backend/src/routes/order.routes.ts": {"path":"/Users/saifrana/01.NTNU/bachelor/backend/src/routes/order.routes.ts","statementMap":{"0":{"start":{"line":19,"column":15},"end":{"line":19,"column":23}},"1":{"start":{"line":22,"column":0},"end":{"line":22,"column":88}},"2":{"start":{"line":25,"column":0},"end":{"line":25,"column":56}},"3":{"start":{"line":28,"column":0},"end":{"line":28,"column":30}},"4":{"start":{"line":31,"column":0},"end":{"line":31,"column":54}},"5":{"start":{"line":34,"column":0},"end":{"line":34,"column":69}},"6":{"start":{"line":37,"column":0},"end":{"line":37,"column":93}},"7":{"start":{"line":40,"column":0},"end":{"line":40,"column":71}}},"fnMap":{},"branchMap":{},"s":{"0":5,"1":5,"2":5,"3":5,"4":5,"5":5,"6":5,"7":5},"f":{},"b":{}}
,"/Users/saifrana/01.NTNU/bachelor/backend/src/routes/product.routes.ts": {"path":"/Users/saifrana/01.NTNU/bachelor/backend/src/routes/product.routes.ts","statementMap":{"0":{"start":{"line":15,"column":15},"end":{"line":15,"column":23}},"1":{"start":{"line":18,"column":0},"end":{"line":18,"column":74}},"2":{"start":{"line":21,"column":0},"end":{"line":21,"column":32}},"3":{"start":{"line":24,"column":0},"end":{"line":24,"column":35}},"4":{"start":{"line":27,"column":0},"end":{"line":27,"column":76}},"5":{"start":{"line":30,"column":0},"end":{"line":30,"column":37}}},"fnMap":{},"branchMap":{},"s":{"0":5,"1":5,"2":5,"3":5,"4":5,"5":5},"f":{},"b":{}}
,"/Users/saifrana/01.NTNU/bachelor/backend/src/routes/user.routes.ts": {"path":"/Users/saifrana/01.NTNU/bachelor/backend/src/routes/user.routes.ts","statementMap":{"0":{"start":{"line":15,"column":15},"end":{"line":15,"column":23}},"1":{"start":{"line":18,"column":0},"end":{"line":18,"column":78}},"2":{"start":{"line":21,"column":0},"end":{"line":21,"column":55}},"3":{"start":{"line":24,"column":0},"end":{"line":24,"column":74}},"4":{"start":{"line":27,"column":0},"end":{"line":27,"column":31}}},"fnMap":{},"branchMap":{},"s":{"0":5,"1":5,"2":5,"3":5,"4":5},"f":{},"b":{}}
,"/Users/saifrana/01.NTNU/bachelor/backend/src/services/auth.service.ts": {"path":"/Users/saifrana/01.NTNU/bachelor/backend/src/services/auth.service.ts","statementMap":{"0":{"start":{"line":6,"column":25},"end":{"line":50,"column":1}},"1":{"start":{"line":11,"column":15},"end":{"line":11,"column":44}},"2":{"start":{"line":13,"column":2},"end":{"line":13,"column":25}},"3":{"start":{"line":13,"column":13},"end":{"line":13,"column":25}},"4":{"start":{"line":15,"column":26},"end":{"line":15,"column":71}},"5":{"start":{"line":16,"column":2},"end":{"line":16,"column":36}},"6":{"start":{"line":16,"column":24},"end":{"line":16,"column":36}},"7":{"start":{"line":18,"column":22},"end":{"line":18,"column":62}},"8":{"start":{"line":19,"column":23},"end":{"line":19,"column":64}},"9":{"start":{"line":22,"column":2},"end":{"line":22,"column":35}},"10":{"start":{"line":23,"column":2},"end":{"line":23,"column":20}},"11":{"start":{"line":26,"column":2},"end":{"line":31,"column":5}},"12":{"start":{"line":34,"column":2},"end":{"line":39,"column":5}},"13":{"start":{"line":41,"column":2},"end":{"line":49,"column":4}}},"fnMap":{"0":{"name":"(anonymous_0)","decl":{"start":{"line":6,"column":25},"end":{"line":6,"column":30}},"loc":{"start":{"line":10,"column":4},"end":{"line":50,"column":1}}}},"branchMap":{"0":{"loc":{"start":{"line":13,"column":2},"end":{"line":13,"column":25}},"type":"if","locations":[{"start":{"line":13,"column":2},"end":{"line":13,"column":25}},{"start":{},"end":{}}]},"1":{"loc":{"start":{"line":16,"column":2},"end":{"line":16,"column":36}},"type":"if","locations":[{"start":{"line":16,"column":2},"end":{"line":16,"column":36}},{"start":{},"end":{}}]}},"s":{"0":5,"1":22,"2":22,"3":3,"4":19,"5":19,"6":1,"7":18,"8":18,"9":18,"10":18,"11":18,"12":18,"13":18},"f":{"0":22},"b":{"0":[3,19],"1":[1,18]}}
,"/Users/saifrana/01.NTNU/bachelor/backend/src/services/company.service.ts": {"path":"/Users/saifrana/01.NTNU/bachelor/backend/src/services/company.service.ts","statementMap":{"0":{"start":{"line":3,"column":29},"end":{"line":31,"column":1}},"1":{"start":{"line":12,"column":26},"end":{"line":14,"column":4}},"2":{"start":{"line":16,"column":2},"end":{"line":18,"column":3}},"3":{"start":{"line":17,"column":4},"end":{"line":17,"column":85}},"4":{"start":{"line":20,"column":21},"end":{"line":27,"column":4}},"5":{"start":{"line":29,"column":2},"end":{"line":29,"column":26}},"6":{"start":{"line":30,"column":2},"end":{"line":30,"column":20}},"7":{"start":{"line":33,"column":30},"end":{"line":35,"column":1}},"8":{"start":{"line":34,"column":2},"end":{"line":34,"column":43}},"9":{"start":{"line":37,"column":31},"end":{"line":39,"column":1}},"10":{"start":{"line":38,"column":2},"end":{"line":38,"column":30}},"11":{"start":{"line":41,"column":29},"end":{"line":46,"column":1}},"12":{"start":{"line":45,"column":2},"end":{"line":45,"column":79}},"13":{"start":{"line":48,"column":29},"end":{"line":50,"column":1}},"14":{"start":{"line":49,"column":2},"end":{"line":49,"column":52}}},"fnMap":{"0":{"name":"(anonymous_0)","decl":{"start":{"line":3,"column":29},"end":{"line":3,"column":34}},"loc":{"start":{"line":10,"column":4},"end":{"line":31,"column":1}}},"1":{"name":"(anonymous_1)","decl":{"start":{"line":33,"column":30},"end":{"line":33,"column":35}},"loc":{"start":{"line":33,"column":84},"end":{"line":35,"column":1}}},"2":{"name":"(anonymous_2)","decl":{"start":{"line":37,"column":31},"end":{"line":37,"column":36}},"loc":{"start":{"line":37,"column":63},"end":{"line":39,"column":1}}},"3":{"name":"(anonymous_3)","decl":{"start":{"line":41,"column":29},"end":{"line":41,"column":34}},"loc":{"start":{"line":44,"column":30},"end":{"line":46,"column":1}}},"4":{"name":"(anonymous_4)","decl":{"start":{"line":48,"column":29},"end":{"line":48,"column":34}},"loc":{"start":{"line":48,"column":83},"end":{"line":50,"column":1}}}},"branchMap":{"0":{"loc":{"start":{"line":16,"column":2},"end":{"line":18,"column":3}},"type":"if","locations":[{"start":{"line":16,"column":2},"end":{"line":18,"column":3}},{"start":{},"end":{}}]}},"s":{"0":5,"1":2,"2":2,"3":0,"4":2,"5":2,"6":2,"7":5,"8":3,"9":5,"10":2,"11":5,"12":2,"13":5,"14":2},"f":{"0":2,"1":3,"2":2,"3":2,"4":2},"b":{"0":[0,2]}}
,"/Users/saifrana/01.NTNU/bachelor/backend/src/services/order.service.ts": {"path":"/Users/saifrana/01.NTNU/bachelor/backend/src/services/order.service.ts","statementMap":{"0":{"start":{"line":11,"column":27},"end":{"line":71,"column":1}},"1":{"start":{"line":18,"column":15},"end":{"line":18,"column":42}},"2":{"start":{"line":19,"column":2},"end":{"line":21,"column":3}},"3":{"start":{"line":20,"column":4},"end":{"line":20,"column":38}},"4":{"start":{"line":24,"column":18},"end":{"line":24,"column":54}},"5":{"start":{"line":25,"column":2},"end":{"line":27,"column":3}},"6":{"start":{"line":26,"column":4},"end":{"line":26,"column":41}},"7":{"start":{"line":30,"column":21},"end":{"line":30,"column":56}},"8":{"start":{"line":30,"column":41},"end":{"line":30,"column":55}},"9":{"start":{"line":31,"column":19},"end":{"line":31,"column":67}},"10":{"start":{"line":33,"column":2},"end":{"line":35,"column":3}},"11":{"start":{"line":34,"column":4},"end":{"line":34,"column":54}},"12":{"start":{"line":38,"column":21},"end":{"line":49,"column":4}},"13":{"start":{"line":39,"column":20},"end":{"line":39,"column":77}},"14":{"start":{"line":39,"column":41},"end":{"line":39,"column":76}},"15":{"start":{"line":40,"column":4},"end":{"line":42,"column":5}},"16":{"start":{"line":41,"column":6},"end":{"line":41,"column":61}},"17":{"start":{"line":43,"column":4},"end":{"line":48,"column":6}},"18":{"start":{"line":52,"column":22},"end":{"line":54,"column":null}},"19":{"start":{"line":53,"column":19},"end":{"line":53,"column":61}},"20":{"start":{"line":57,"column":19},"end":{"line":67,"column":4}},"21":{"start":{"line":69,"column":2},"end":{"line":69,"column":24}},"22":{"start":{"line":70,"column":2},"end":{"line":70,"column":18}},"23":{"start":{"line":73,"column":28},"end":{"line":77,"column":1}},"24":{"start":{"line":74,"column":2},"end":{"line":76,"column":45}},"25":{"start":{"line":79,"column":34},"end":{"line":83,"column":1}},"26":{"start":{"line":80,"column":2},"end":{"line":82,"column":29}},"27":{"start":{"line":85,"column":31},"end":{"line":87,"column":1}},"28":{"start":{"line":86,"column":2},"end":{"line":86,"column":73}},"29":{"start":{"line":89,"column":33},"end":{"line":94,"column":1}},"30":{"start":{"line":93,"column":2},"end":{"line":93,"column":75}},"31":{"start":{"line":96,"column":27},"end":{"line":98,"column":1}},"32":{"start":{"line":97,"column":2},"end":{"line":97,"column":48}},"33":{"start":{"line":100,"column":28},"end":{"line":104,"column":1}},"34":{"start":{"line":101,"column":2},"end":{"line":103,"column":29}}},"fnMap":{"0":{"name":"(anonymous_0)","decl":{"start":{"line":11,"column":27},"end":{"line":11,"column":32}},"loc":{"start":{"line":16,"column":21},"end":{"line":71,"column":1}}},"1":{"name":"(anonymous_1)","decl":{"start":{"line":30,"column":31},"end":{"line":30,"column":32}},"loc":{"start":{"line":30,"column":41},"end":{"line":30,"column":55}}},"2":{"name":"(anonymous_2)","decl":{"start":{"line":38,"column":31},"end":{"line":38,"column":32}},"loc":{"start":{"line":38,"column":40},"end":{"line":49,"column":3}}},"3":{"name":"(anonymous_3)","decl":{"start":{"line":39,"column":34},"end":{"line":39,"column":35}},"loc":{"start":{"line":39,"column":41},"end":{"line":39,"column":76}}},"4":{"name":"(anonymous_4)","decl":{"start":{"line":53,"column":4},"end":{"line":53,"column":5}},"loc":{"start":{"line":53,"column":19},"end":{"line":53,"column":61}}},"5":{"name":"(anonymous_5)","decl":{"start":{"line":73,"column":28},"end":{"line":73,"column":33}},"loc":{"start":{"line":73,"column":78},"end":{"line":77,"column":1}}},"6":{"name":"(anonymous_6)","decl":{"start":{"line":79,"column":34},"end":{"line":79,"column":39}},"loc":{"start":{"line":79,"column":81},"end":{"line":83,"column":1}}},"7":{"name":"(anonymous_7)","decl":{"start":{"line":85,"column":31},"end":{"line":85,"column":36}},"loc":{"start":{"line":85,"column":75},"end":{"line":87,"column":1}}},"8":{"name":"(anonymous_8)","decl":{"start":{"line":89,"column":33},"end":{"line":89,"column":38}},"loc":{"start":{"line":92,"column":28},"end":{"line":94,"column":1}}},"9":{"name":"(anonymous_9)","decl":{"start":{"line":96,"column":27},"end":{"line":96,"column":32}},"loc":{"start":{"line":96,"column":77},"end":{"line":98,"column":1}}},"10":{"name":"(anonymous_10)","decl":{"start":{"line":100,"column":28},"end":{"line":100,"column":33}},"loc":{"start":{"line":100,"column":58},"end":{"line":104,"column":1}}}},"branchMap":{"0":{"loc":{"start":{"line":19,"column":2},"end":{"line":21,"column":3}},"type":"if","locations":[{"start":{"line":19,"column":2},"end":{"line":21,"column":3}},{"start":{},"end":{}}]},"1":{"loc":{"start":{"line":25,"column":2},"end":{"line":27,"column":3}},"type":"if","locations":[{"start":{"line":25,"column":2},"end":{"line":27,"column":3}},{"start":{},"end":{}}]},"2":{"loc":{"start":{"line":33,"column":2},"end":{"line":35,"column":3}},"type":"if","locations":[{"start":{"line":33,"column":2},"end":{"line":35,"column":3}},{"start":{},"end":{}}]},"3":{"loc":{"start":{"line":40,"column":4},"end":{"line":42,"column":5}},"type":"if","locations":[{"start":{"line":40,"column":4},"end":{"line":42,"column":5}},{"start":{},"end":{}}]}},"s":{"0":5,"1":9,"2":9,"3":0,"4":9,"5":9,"6":0,"7":9,"8":10,"9":9,"10":9,"11":1,"12":8,"13":9,"14":10,"15":9,"16":0,"17":9,"18":8,"19":9,"20":8,"21":8,"22":8,"23":5,"24":3,"25":5,"26":1,"27":5,"28":1,"29":5,"30":1,"31":5,"32":1,"33":5,"34":1},"f":{"0":9,"1":10,"2":9,"3":10,"4":9,"5":3,"6":1,"7":1,"8":1,"9":1,"10":1},"b":{"0":[0,9],"1":[0,9],"2":[1,8],"3":[0,9]}}
,"/Users/saifrana/01.NTNU/bachelor/backend/src/services/product.service.ts": {"path":"/Users/saifrana/01.NTNU/bachelor/backend/src/services/product.service.ts","statementMap":{"0":{"start":{"line":3,"column":29},"end":{"line":22,"column":1}},"1":{"start":{"line":11,"column":21},"end":{"line":18,"column":4}},"2":{"start":{"line":20,"column":2},"end":{"line":20,"column":26}},"3":{"start":{"line":21,"column":2},"end":{"line":21,"column":20}},"4":{"start":{"line":24,"column":30},"end":{"line":26,"column":1}},"5":{"start":{"line":25,"column":2},"end":{"line":25,"column":43}},"6":{"start":{"line":28,"column":30},"end":{"line":30,"column":1}},"7":{"start":{"line":29,"column":2},"end":{"line":29,"column":47}},"8":{"start":{"line":32,"column":35},"end":{"line":34,"column":1}},"9":{"start":{"line":33,"column":2},"end":{"line":33,"column":30}},"10":{"start":{"line":36,"column":29},"end":{"line":41,"column":1}},"11":{"start":{"line":40,"column":2},"end":{"line":40,"column":79}},"12":{"start":{"line":43,"column":29},"end":{"line":45,"column":1}},"13":{"start":{"line":44,"column":2},"end":{"line":44,"column":52}},"14":{"start":{"line":47,"column":32},"end":{"line":49,"column":1}},"15":{"start":{"line":48,"column":2},"end":{"line":48,"column":58}}},"fnMap":{"0":{"name":"(anonymous_0)","decl":{"start":{"line":3,"column":29},"end":{"line":3,"column":34}},"loc":{"start":{"line":10,"column":23},"end":{"line":22,"column":1}}},"1":{"name":"(anonymous_1)","decl":{"start":{"line":24,"column":30},"end":{"line":24,"column":35}},"loc":{"start":{"line":24,"column":84},"end":{"line":26,"column":1}}},"2":{"name":"(anonymous_2)","decl":{"start":{"line":28,"column":30},"end":{"line":28,"column":35}},"loc":{"start":{"line":28,"column":62},"end":{"line":30,"column":1}}},"3":{"name":"(anonymous_3)","decl":{"start":{"line":32,"column":35},"end":{"line":32,"column":40}},"loc":{"start":{"line":32,"column":67},"end":{"line":34,"column":1}}},"4":{"name":"(anonymous_4)","decl":{"start":{"line":36,"column":29},"end":{"line":36,"column":34}},"loc":{"start":{"line":39,"column":30},"end":{"line":41,"column":1}}},"5":{"name":"(anonymous_5)","decl":{"start":{"line":43,"column":29},"end":{"line":43,"column":34}},"loc":{"start":{"line":43,"column":83},"end":{"line":45,"column":1}}},"6":{"name":"(anonymous_6)","decl":{"start":{"line":47,"column":32},"end":{"line":47,"column":37}},"loc":{"start":{"line":47,"column":84},"end":{"line":49,"column":1}}}},"branchMap":{"0":{"loc":{"start":{"line":17,"column":13},"end":{"line":17,"column":28}},"type":"binary-expr","locations":[{"start":{"line":17,"column":13},"end":{"line":17,"column":20}},{"start":{"line":17,"column":24},"end":{"line":17,"column":28}}]}},"s":{"0":5,"1":1,"2":1,"3":1,"4":5,"5":3,"6":5,"7":2,"8":5,"9":0,"10":5,"11":2,"12":5,"13":2,"14":5,"15":0},"f":{"0":1,"1":3,"2":2,"3":0,"4":2,"5":2,"6":0},"b":{"0":[1,1]}}
,"/Users/saifrana/01.NTNU/bachelor/backend/src/services/user.service.ts": {"path":"/Users/saifrana/01.NTNU/bachelor/backend/src/services/user.service.ts","statementMap":{"0":{"start":{"line":8,"column":20},"end":{"line":8,"column":22}},"1":{"start":{"line":11,"column":28},"end":{"line":48,"column":1}},"2":{"start":{"line":18,"column":23},"end":{"line":18,"column":52}},"3":{"start":{"line":19,"column":2},"end":{"line":22,"column":3}},"4":{"start":{"line":20,"column":4},"end":{"line":20,"column":43}},"5":{"start":{"line":21,"column":4},"end":{"line":21,"column":11}},"6":{"start":{"line":25,"column":14},"end":{"line":25,"column":27}},"7":{"start":{"line":26,"column":21},"end":{"line":26,"column":58}},"8":{"start":{"line":28,"column":25},"end":{"line":28,"column":65}},"9":{"start":{"line":30,"column":18},"end":{"line":36,"column":4}},"10":{"start":{"line":38,"column":2},"end":{"line":38,"column":23}},"11":{"start":{"line":42,"column":2},"end":{"line":47,"column":4}},"12":{"start":{"line":50,"column":27},"end":{"line":52,"column":1}},"13":{"start":{"line":51,"column":2},"end":{"line":51,"column":47}},"14":{"start":{"line":54,"column":27},"end":{"line":56,"column":1}},"15":{"start":{"line":55,"column":2},"end":{"line":55,"column":57}},"16":{"start":{"line":58,"column":33},"end":{"line":62,"column":1}},"17":{"start":{"line":61,"column":2},"end":{"line":61,"column":69}},"18":{"start":{"line":64,"column":26},"end":{"line":89,"column":1}},"19":{"start":{"line":68,"column":2},"end":{"line":88,"column":3}},"20":{"start":{"line":69,"column":46},"end":{"line":69,"column":53}},"21":{"start":{"line":71,"column":39},"end":{"line":71,"column":41}},"22":{"start":{"line":73,"column":4},"end":{"line":73,"column":52}},"23":{"start":{"line":73,"column":19},"end":{"line":73,"column":52}},"24":{"start":{"line":74,"column":4},"end":{"line":74,"column":49}},"25":{"start":{"line":74,"column":18},"end":{"line":74,"column":49}},"26":{"start":{"line":76,"column":4},"end":{"line":79,"column":5}},"27":{"start":{"line":77,"column":29},"end":{"line":77,"column":69}},"28":{"start":{"line":78,"column":6},"end":{"line":78,"column":43}},"29":{"start":{"line":81,"column":23},"end":{"line":84,"column":40}},"30":{"start":{"line":85,"column":4},"end":{"line":85,"column":22}},"31":{"start":{"line":87,"column":4},"end":{"line":87,"column":45}}},"fnMap":{"0":{"name":"(anonymous_0)","decl":{"start":{"line":11,"column":28},"end":{"line":11,"column":33}},"loc":{"start":{"line":17,"column":4},"end":{"line":48,"column":1}}},"1":{"name":"(anonymous_1)","decl":{"start":{"line":50,"column":27},"end":{"line":50,"column":32}},"loc":{"start":{"line":50,"column":56},"end":{"line":52,"column":1}}},"2":{"name":"(anonymous_2)","decl":{"start":{"line":54,"column":27},"end":{"line":54,"column":32}},"loc":{"start":{"line":54,"column":75},"end":{"line":56,"column":1}}},"3":{"name":"(anonymous_3)","decl":{"start":{"line":58,"column":33},"end":{"line":58,"column":38}},"loc":{"start":{"line":60,"column":22},"end":{"line":62,"column":1}}},"4":{"name":"(anonymous_4)","decl":{"start":{"line":64,"column":26},"end":{"line":64,"column":31}},"loc":{"start":{"line":67,"column":27},"end":{"line":89,"column":1}}}},"branchMap":{"0":{"loc":{"start":{"line":19,"column":2},"end":{"line":22,"column":3}},"type":"if","locations":[{"start":{"line":19,"column":2},"end":{"line":22,"column":3}},{"start":{},"end":{}}]},"1":{"loc":{"start":{"line":73,"column":4},"end":{"line":73,"column":52}},"type":"if","locations":[{"start":{"line":73,"column":4},"end":{"line":73,"column":52}},{"start":{},"end":{}}]},"2":{"loc":{"start":{"line":74,"column":4},"end":{"line":74,"column":49}},"type":"if","locations":[{"start":{"line":74,"column":4},"end":{"line":74,"column":49}},{"start":{},"end":{}}]},"3":{"loc":{"start":{"line":76,"column":4},"end":{"line":79,"column":5}},"type":"if","locations":[{"start":{"line":76,"column":4},"end":{"line":79,"column":5}},{"start":{},"end":{}}]}},"s":{"0":5,"1":5,"2":1,"3":1,"4":0,"5":0,"6":1,"7":1,"8":1,"9":1,"10":1,"11":1,"12":5,"13":2,"14":5,"15":3,"16":5,"17":0,"18":5,"19":2,"20":2,"21":2,"22":2,"23":2,"24":2,"25":1,"26":2,"27":0,"28":0,"29":2,"30":2,"31":0},"f":{"0":1,"1":2,"2":3,"3":0,"4":2},"b":{"0":[0,1],"1":[2,0],"2":[1,1],"3":[0,2]}}
,"/Users/saifrana/01.NTNU/bachelor/backend/src/utils/jwt.util.ts": {"path":"/Users/saifrana/01.NTNU/bachelor/backend/src/utils/jwt.util.ts","statementMap":{"0":{"start":{"line":3,"column":22},"end":{"line":3,"column":47}},"1":{"start":{"line":4,"column":23},"end":{"line":4,"column":49}},"2":{"start":{"line":6,"column":0},"end":{"line":8,"column":3}},"3":{"start":{"line":7,"column":4},"end":{"line":7,"column":76}},"4":{"start":{"line":10,"column":35},"end":{"line":12,"column":1}},"5":{"start":{"line":11,"column":2},"end":{"line":11,"column":67}},"6":{"start":{"line":14,"column":36},"end":{"line":16,"column":1}},"7":{"start":{"line":15,"column":2},"end":{"line":15,"column":67}},"8":{"start":{"line":18,"column":33},"end":{"line":20,"column":1}},"9":{"start":{"line":19,"column":2},"end":{"line":19,"column":56}},"10":{"start":{"line":22,"column":34},"end":{"line":24,"column":1}},"11":{"start":{"line":23,"column":2},"end":{"line":23,"column":57}}},"fnMap":{"0":{"name":"(anonymous_0)","decl":{"start":{"line":10,"column":35},"end":{"line":10,"column":36}},"loc":{"start":{"line":10,"column":62},"end":{"line":12,"column":1}}},"1":{"name":"(anonymous_1)","decl":{"start":{"line":14,"column":36},"end":{"line":14,"column":37}},"loc":{"start":{"line":14,"column":63},"end":{"line":16,"column":1}}},"2":{"name":"(anonymous_2)","decl":{"start":{"line":18,"column":33},"end":{"line":18,"column":34}},"loc":{"start":{"line":18,"column":63},"end":{"line":20,"column":1}}},"3":{"name":"(anonymous_3)","decl":{"start":{"line":22,"column":34},"end":{"line":22,"column":35}},"loc":{"start":{"line":22,"column":64},"end":{"line":24,"column":1}}}},"branchMap":{"0":{"loc":{"start":{"line":6,"column":0},"end":{"line":8,"column":3}},"type":"if","locations":[{"start":{"line":6,"column":0},"end":{"line":8,"column":3}},{"start":{},"end":{}}]},"1":{"loc":{"start":{"line":6,"column":4},"end":{"line":6,"column":37}},"type":"binary-expr","locations":[{"start":{"line":6,"column":4},"end":{"line":6,"column":18}},{"start":{"line":6,"column":22},"end":{"line":6,"column":37}}]}},"s":{"0":5,"1":5,"2":5,"3":0,"4":5,"5":18,"6":5,"7":18,"8":5,"9":14,"10":5,"11":0},"f":{"0":18,"1":18,"2":14,"3":0},"b":{"0":[0,5],"1":[5,5]}}
,"/Users/saifrana/01.NTNU/bachelor/backend/src/utils/otp.util.ts": {"path":"/Users/saifrana/01.NTNU/bachelor/backend/src/utils/otp.util.ts","statementMap":{"0":{"start":{"line":1,"column":27},"end":{"line":3,"column":3}},"1":{"start":{"line":2,"column":4},"end":{"line":2,"column":66}}},"fnMap":{"0":{"name":"(anonymous_0)","decl":{"start":{"line":1,"column":27},"end":{"line":1,"column":38}},"loc":{"start":{"line":1,"column":40},"end":{"line":3,"column":3}}}},"branchMap":{},"s":{"0":5,"1":1},"f":{"0":1},"b":{}}
,"/Users/saifrana/01.NTNU/bachelor/backend/src/validators/company.validator.ts": {"path":"/Users/saifrana/01.NTNU/bachelor/backend/src/validators/company.validator.ts","statementMap":{"0":{"start":{"line":5,"column":56},"end":{"line":46,"column":2}},"1":{"start":{"line":49,"column":56},"end":{"line":87,"column":2}}},"fnMap":{},"branchMap":{},"s":{"0":5,"1":5},"f":{},"b":{}}
,"/Users/saifrana/01.NTNU/bachelor/backend/src/validators/order.validator.ts": {"path":"/Users/saifrana/01.NTNU/bachelor/backend/src/validators/order.validator.ts","statementMap":{"0":{"start":{"line":5,"column":54},"end":{"line":35,"column":2}},"1":{"start":{"line":38,"column":60},"end":{"line":48,"column":2}},"2":{"start":{"line":51,"column":50},"end":{"line":55,"column":2}}},"fnMap":{},"branchMap":{},"s":{"0":5,"1":5,"2":5},"f":{},"b":{}}
,"/Users/saifrana/01.NTNU/bachelor/backend/src/validators/product.validator.ts": {"path":"/Users/saifrana/01.NTNU/bachelor/backend/src/validators/product.validator.ts","statementMap":{"0":{"start":{"line":5,"column":56},"end":{"line":44,"column":2}},"1":{"start":{"line":47,"column":56},"end":{"line":84,"column":2}}},"fnMap":{},"branchMap":{},"s":{"0":5,"1":5},"f":{},"b":{}}
,"/Users/saifrana/01.NTNU/bachelor/backend/src/validators/user.validator.ts": {"path":"/Users/saifrana/01.NTNU/bachelor/backend/src/validators/user.validator.ts","statementMap":{"0":{"start":{"line":5,"column":55},"end":{"line":39,"column":2}},"1":{"start":{"line":41,"column":35},"end":{"line":54,"column":2}}},"fnMap":{},"branchMap":{},"s":{"0":5,"1":5},"f":{},"b":{}}
,"/Users/saifrana/01.NTNU/bachelor/backend/tests/helpers/auth.helper.ts": {"path":"/Users/saifrana/01.NTNU/bachelor/backend/tests/helpers/auth.helper.ts","statementMap":{"0":{"start":{"line":17,"column":39},"end":{"line":46,"column":1}},"1":{"start":{"line":21,"column":18},"end":{"line":21,"column":43}},"2":{"start":{"line":24,"column":15},"end":{"line":24,"column":63}},"3":{"start":{"line":27,"column":16},"end":{"line":27,"column":34}},"4":{"start":{"line":30,"column":24},"end":{"line":35,"column":6}},"5":{"start":{"line":37,"column":2},"end":{"line":39,"column":3}},"6":{"start":{"line":38,"column":4},"end":{"line":38,"column":75}},"7":{"start":{"line":41,"column":2},"end":{"line":45,"column":4}},"8":{"start":{"line":51,"column":38},"end":{"line":51,"column":56}},"9":{"start":{"line":51,"column":44},"end":{"line":51,"column":56}}},"fnMap":{"0":{"name":"(anonymous_0)","decl":{"start":{"line":17,"column":39},"end":{"line":17,"column":44}},"loc":{"start":{"line":19,"column":32},"end":{"line":46,"column":1}}},"1":{"name":"(anonymous_1)","decl":{"start":{"line":51,"column":38},"end":{"line":51,"column":41}},"loc":{"start":{"line":51,"column":44},"end":{"line":51,"column":56}}}},"branchMap":{"0":{"loc":{"start":{"line":18,"column":2},"end":{"line":18,"column":56}},"type":"default-arg","locations":[{"start":{"line":18,"column":54},"end":{"line":18,"column":56}}]},"1":{"loc":{"start":{"line":37,"column":2},"end":{"line":39,"column":3}},"type":"if","locations":[{"start":{"line":37,"column":2},"end":{"line":39,"column":3}},{"start":{},"end":{}}]}},"s":{"0":3,"1":17,"2":17,"3":17,"4":17,"5":17,"6":0,"7":17,"8":3,"9":2},"f":{"0":17,"1":2},"b":{"0":[16],"1":[0,17]}}
,"/Users/saifrana/01.NTNU/bachelor/backend/tests/helpers/testData.helper.ts": {"path":"/Users/saifrana/01.NTNU/bachelor/backend/tests/helpers/testData.helper.ts","statementMap":{"0":{"start":{"line":32,"column":33},"end":{"line":49,"column":1}},"1":{"start":{"line":35,"column":22},"end":{"line":40,"column":4}},"2":{"start":{"line":42,"column":18},"end":{"line":42,"column":51}},"3":{"start":{"line":43,"column":2},"end":{"line":48,"column":4}},"4":{"start":{"line":54,"column":30},"end":{"line":82,"column":1}},"5":{"start":{"line":58,"column":24},"end":{"line":58,"column":63}},"6":{"start":{"line":59,"column":25},"end":{"line":59,"column":61}},"7":{"start":{"line":61,"column":19},"end":{"line":70,"column":4}},"8":{"start":{"line":71,"column":2},"end":{"line":71,"column":37}},"9":{"start":{"line":73,"column":15},"end":{"line":73,"column":42}},"10":{"start":{"line":74,"column":2},"end":{"line":81,"column":4}},"11":{"start":{"line":87,"column":33},"end":{"line":104,"column":1}},"12":{"start":{"line":90,"column":22},"end":{"line":96,"column":4}},"13":{"start":{"line":98,"column":18},"end":{"line":98,"column":51}},"14":{"start":{"line":99,"column":2},"end":{"line":103,"column":4}},"15":{"start":{"line":109,"column":34},"end":{"line":120,"column":1}},"16":{"start":{"line":110,"column":34},"end":{"line":110,"column":36}},"17":{"start":{"line":111,"column":2},"end":{"line":118,"column":3}},"18":{"start":{"line":111,"column":15},"end":{"line":111,"column":16}},"19":{"start":{"line":112,"column":20},"end":{"line":116,"column":6}},"20":{"start":{"line":117,"column":4},"end":{"line":117,"column":27}},"21":{"start":{"line":119,"column":2},"end":{"line":119,"column":18}}},"fnMap":{"0":{"name":"(anonymous_0)","decl":{"start":{"line":32,"column":33},"end":{"line":32,"column":38}},"loc":{"start":{"line":34,"column":26},"end":{"line":49,"column":1}}},"1":{"name":"(anonymous_1)","decl":{"start":{"line":54,"column":30},"end":{"line":54,"column":35}},"loc":{"start":{"line":57,"column":23},"end":{"line":82,"column":1}}},"2":{"name":"(anonymous_2)","decl":{"start":{"line":87,"column":33},"end":{"line":87,"column":38}},"loc":{"start":{"line":89,"column":26},"end":{"line":104,"column":1}}},"3":{"name":"(anonymous_3)","decl":{"start":{"line":109,"column":34},"end":{"line":109,"column":39}},"loc":{"start":{"line":109,"column":86},"end":{"line":120,"column":1}}}},"branchMap":{"0":{"loc":{"start":{"line":33,"column":2},"end":{"line":33,"column":38}},"type":"default-arg","locations":[{"start":{"line":33,"column":36},"end":{"line":33,"column":38}}]},"1":{"loc":{"start":{"line":56,"column":2},"end":{"line":56,"column":52}},"type":"default-arg","locations":[{"start":{"line":56,"column":50},"end":{"line":56,"column":52}}]},"2":{"loc":{"start":{"line":58,"column":24},"end":{"line":58,"column":63}},"type":"binary-expr","locations":[{"start":{"line":58,"column":24},"end":{"line":58,"column":42}},{"start":{"line":58,"column":46},"end":{"line":58,"column":63}}]},"3":{"loc":{"start":{"line":88,"column":2},"end":{"line":88,"column":98}},"type":"default-arg","locations":[{"start":{"line":88,"column":96},"end":{"line":88,"column":98}}]},"4":{"loc":{"start":{"line":109,"column":41},"end":{"line":109,"column":58}},"type":"default-arg","locations":[{"start":{"line":109,"column":57},"end":{"line":109,"column":58}}]}},"s":{"0":5,"1":33,"2":33,"3":33,"4":5,"5":23,"6":23,"7":23,"8":23,"9":23,"10":23,"11":5,"12":16,"13":16,"14":16,"15":5,"16":10,"17":10,"18":10,"19":13,"20":13,"21":10},"f":{"0":33,"1":23,"2":16,"3":10},"b":{"0":[29],"1":[1],"2":[23,21],"3":[1],"4":[0]}}
}
