TN:
SF:src/app.ts
FN:47,(anonymous_0)
FNF:1
FNH:0
FNDA:0,(anonymous_0)
DA:14,5
DA:17,5
DA:18,5
DA:21,5
DA:29,5
DA:30,5
DA:31,5
DA:40,5
DA:41,5
DA:42,5
DA:43,5
DA:44,5
DA:47,5
DA:48,0
LF:14
LH:13
BRF:0
BRH:0
end_of_record
TN:
SF:src/config/swagger.ts
FNF:0
FNH:0
DA:1,5
LF:1
LH:1
BRF:0
BRH:0
end_of_record
TN:
SF:src/controllers/auth.controller.ts
FN:12,(anonymous_0)
FN:33,(anonymous_1)
FN:72,(anonymous_2)
FNF:3
FNH:3
FNDA:22,(anonymous_0)
FNDA:2,(anonymous_1)
FNDA:4,(anonymous_2)
DA:12,5
DA:17,22
DA:18,22
DA:19,22
DA:20,22
DA:22,22
DA:23,4
DA:24,4
DA:27,18
DA:29,0
DA:33,5
DA:38,2
DA:39,2
DA:40,2
DA:41,2
DA:42,2
DA:45,0
DA:46,0
DA:47,0
DA:48,0
DA:50,0
DA:51,0
DA:52,0
DA:53,0
DA:54,0
DA:57,0
DA:59,0
DA:66,0
DA:68,0
DA:72,5
DA:73,4
DA:74,4
DA:75,4
DA:77,4
DA:79,0
LF:35
LH:20
BRDA:22,0,0,4
BRDA:22,0,1,18
BRDA:40,1,0,2
BRDA:40,1,1,0
BRDA:46,2,0,0
BRDA:46,2,1,0
BRDA:52,3,0,0
BRDA:52,3,1,0
BRF:8
BRH:3
end_of_record
TN:
SF:src/controllers/company.controller.ts
FN:4,(anonymous_0)
FN:31,(anonymous_1)
FN:48,(anonymous_2)
FN:58,(anonymous_3)
FN:80,(anonymous_4)
FNF:5
FNH:5
FNDA:2,(anonymous_0)
FNDA:3,(anonymous_1)
FNDA:2,(anonymous_2)
FNDA:2,(anonymous_3)
FNDA:2,(anonymous_4)
DA:4,5
DA:5,2
DA:6,2
DA:8,2
DA:17,2
DA:22,0
DA:23,0
DA:24,0
DA:26,0
DA:27,0
DA:31,5
DA:32,3
DA:33,3
DA:34,3
DA:36,3
DA:37,2
DA:38,2
DA:41,1
DA:43,0
DA:44,0
DA:48,5
DA:49,2
DA:50,2
DA:51,2
DA:53,0
DA:54,0
DA:58,5
DA:59,2
DA:60,2
DA:61,2
DA:63,2
DA:65,2
DA:66,1
DA:67,1
DA:70,1
DA:75,0
DA:76,0
DA:80,5
DA:81,2
DA:82,2
DA:83,2
DA:85,2
DA:86,1
DA:87,1
DA:90,1
DA:92,0
DA:93,0
LF:47
LH:34
BRDA:22,0,0,0
BRDA:22,0,1,0
BRDA:22,1,0,0
BRDA:22,1,1,0
BRDA:36,2,0,2
BRDA:36,2,1,1
BRDA:65,3,0,1
BRDA:65,3,1,1
BRDA:85,4,0,1
BRDA:85,4,1,1
BRF:10
BRH:6
end_of_record
TN:
SF:src/controllers/order.controller.ts
FN:13,(anonymous_0)
FN:49,(anonymous_1)
FN:69,(anonymous_2)
FN:83,(anonymous_3)
FN:103,(anonymous_4)
FN:128,(anonymous_5)
FN:148,(anonymous_6)
FNF:7
FNH:7
FNDA:9,(anonymous_0)
FNDA:3,(anonymous_1)
FNDA:1,(anonymous_2)
FNDA:1,(anonymous_3)
FNDA:1,(anonymous_4)
FNDA:1,(anonymous_5)
FNDA:1,(anonymous_6)
DA:13,5
DA:18,9
DA:19,9
DA:20,9
DA:22,9
DA:23,0
DA:24,0
DA:27,9
DA:34,8
DA:39,1
DA:40,1
DA:41,1
DA:42,1
DA:45,0
DA:49,5
DA:54,3
DA:55,3
DA:56,3
DA:58,3
DA:59,2
DA:60,2
DA:63,1
DA:65,0
DA:69,5
DA:74,1
DA:75,1
DA:76,1
DA:77,1
DA:79,0
DA:83,5
DA:88,1
DA:89,1
DA:91,1
DA:92,0
DA:93,0
DA:96,1
DA:97,1
DA:99,0
DA:103,5
DA:108,1
DA:109,1
DA:110,1
DA:112,1
DA:114,1
DA:115,0
DA:116,0
DA:119,1
DA:124,0
DA:128,5
DA:133,1
DA:134,1
DA:135,1
DA:137,1
DA:138,0
DA:139,0
DA:142,1
DA:144,0
DA:148,5
DA:153,1
DA:154,1
DA:155,1
DA:157,0
LF:62
LH:47
BRDA:22,0,0,0
BRDA:22,0,1,9
BRDA:39,1,0,1
BRDA:39,1,1,0
BRDA:40,2,0,1
BRDA:40,2,1,0
BRDA:58,3,0,2
BRDA:58,3,1,1
BRDA:91,4,0,0
BRDA:91,4,1,1
BRDA:114,5,0,0
BRDA:114,5,1,1
BRDA:137,6,0,0
BRDA:137,6,1,1
BRF:14
BRH:8
end_of_record
TN:
SF:src/controllers/product.controller.ts
FN:4,(anonymous_0)
FN:30,(anonymous_1)
FN:50,(anonymous_2)
FN:63,(anonymous_3)
FN:88,(anonymous_4)
FNF:5
FNH:5
FNDA:1,(anonymous_0)
FNDA:3,(anonymous_1)
FNDA:2,(anonymous_2)
FNDA:2,(anonymous_3)
FNDA:2,(anonymous_4)
DA:4,5
DA:9,1
DA:10,1
DA:12,1
DA:21,1
DA:26,0
DA:30,5
DA:35,3
DA:36,3
DA:37,3
DA:39,3
DA:40,2
DA:41,2
DA:44,1
DA:46,0
DA:50,5
DA:55,2
DA:56,2
DA:57,2
DA:59,0
DA:63,5
DA:68,2
DA:69,2
DA:70,2
DA:72,2
DA:74,2
DA:75,1
DA:76,1
DA:79,1
DA:84,0
DA:88,5
DA:93,2
DA:94,2
DA:95,2
DA:97,2
DA:98,1
DA:99,1
DA:102,1
DA:104,0
LF:39
LH:34
BRDA:39,0,0,2
BRDA:39,0,1,1
BRDA:74,1,0,1
BRDA:74,1,1,1
BRDA:97,2,0,1
BRDA:97,2,1,1
BRF:6
BRH:6
end_of_record
TN:
SF:src/controllers/user.controller.ts
FN:11,(anonymous_0)
FN:29,(anonymous_1)
FN:40,(anonymous_2)
FN:60,(anonymous_3)
FNF:4
FNH:4
FNDA:1,(anonymous_0)
FNDA:2,(anonymous_1)
FNDA:3,(anonymous_2)
FNDA:2,(anonymous_3)
DA:11,5
DA:12,1
DA:13,1
DA:14,1
DA:16,1
DA:21,0
DA:22,0
DA:24,0
DA:29,5
DA:30,2
DA:31,2
DA:33,2
DA:35,0
DA:40,5
DA:44,3
DA:45,3
DA:47,3
DA:48,1
DA:49,1
DA:52,2
DA:54,0
DA:55,0
DA:60,5
DA:64,2
DA:65,2
DA:66,2
DA:67,2
DA:68,2
DA:69,1
DA:70,1
DA:73,1
DA:77,0
LF:32
LH:25
BRDA:21,0,0,0
BRDA:21,0,1,0
BRDA:47,1,0,1
BRDA:47,1,1,2
BRDA:68,2,0,1
BRDA:68,2,1,1
BRF:6
BRH:4
end_of_record
TN:
SF:src/middlewares/auth.middleware.ts
FN:12,(anonymous_0)
FNF:1
FNH:1
FNDA:18,(anonymous_0)
DA:12,5
DA:17,18
DA:18,18
DA:20,18
DA:21,4
DA:22,4
DA:25,14
DA:26,14
DA:27,14
DA:29,14
DA:31,0
DA:32,0
LF:12
LH:10
BRDA:20,0,0,4
BRDA:20,0,1,14
BRF:2
BRH:2
end_of_record
TN:
SF:src/middlewares/requestValidator.middleware.ts
FN:4,(anonymous_0)
FNF:1
FNH:1
FNDA:36,(anonymous_0)
DA:4,5
DA:5,36
DA:7,36
DA:8,12
DA:9,12
DA:12,24
LF:6
LH:6
BRDA:7,0,0,12
BRDA:7,0,1,24
BRF:2
BRH:2
end_of_record
TN:
SF:src/models/company.model.ts
FNF:0
FNH:0
DA:15,5
DA:39,5
LF:2
LH:2
BRF:0
BRH:0
end_of_record
TN:
SF:src/models/order.model.ts
FN:83,(anonymous_0)
FNF:1
FNH:1
FNDA:8,(anonymous_0)
DA:32,5
DA:56,5
DA:83,8
DA:107,5
DA:108,5
DA:110,5
LF:6
LH:6
BRF:0
BRH:0
end_of_record
TN:
SF:src/models/product.model.ts
FNF:0
FNH:0
DA:15,5
DA:44,5
LF:2
LH:2
BRF:0
BRH:0
end_of_record
TN:
SF:src/models/user.model.ts
FNF:0
FNH:0
DA:18,5
DA:54,5
LF:2
LH:2
BRF:0
BRH:0
end_of_record
TN:
SF:src/routes/auth.routes.ts
FNF:0
FNH:0
DA:4,5
DA:7,5
DA:10,5
DA:13,5
LF:4
LH:4
BRF:0
BRH:0
end_of_record
TN:
SF:src/routes/company.routes.ts
FNF:0
FNH:0
DA:15,5
DA:18,5
DA:21,5
DA:24,5
DA:27,5
DA:30,5
LF:6
LH:6
BRF:0
BRH:0
end_of_record
TN:
SF:src/routes/order.routes.ts
FNF:0
FNH:0
DA:19,5
DA:22,5
DA:25,5
DA:28,5
DA:31,5
DA:34,5
DA:37,5
DA:40,5
LF:8
LH:8
BRF:0
BRH:0
end_of_record
TN:
SF:src/routes/product.routes.ts
FNF:0
FNH:0
DA:15,5
DA:18,5
DA:21,5
DA:24,5
DA:27,5
DA:30,5
LF:6
LH:6
BRF:0
BRH:0
end_of_record
TN:
SF:src/routes/user.routes.ts
FNF:0
FNH:0
DA:15,5
DA:18,5
DA:21,5
DA:24,5
DA:27,5
LF:5
LH:5
BRF:0
BRH:0
end_of_record
TN:
SF:src/services/auth.service.ts
FN:6,(anonymous_0)
FNF:1
FNH:1
FNDA:22,(anonymous_0)
DA:6,5
DA:11,22
DA:13,22
DA:15,19
DA:16,19
DA:18,18
DA:19,18
DA:22,18
DA:23,18
DA:26,18
DA:34,18
DA:41,18
LF:12
LH:12
BRDA:13,0,0,3
BRDA:13,0,1,19
BRDA:16,1,0,1
BRDA:16,1,1,18
BRF:4
BRH:4
end_of_record
TN:
SF:src/services/company.service.ts
FN:3,(anonymous_0)
FN:33,(anonymous_1)
FN:37,(anonymous_2)
FN:41,(anonymous_3)
FN:48,(anonymous_4)
FNF:5
FNH:5
FNDA:2,(anonymous_0)
FNDA:3,(anonymous_1)
FNDA:2,(anonymous_2)
FNDA:2,(anonymous_3)
FNDA:2,(anonymous_4)
DA:3,5
DA:12,2
DA:16,2
DA:17,0
DA:20,2
DA:29,2
DA:30,2
DA:33,5
DA:34,3
DA:37,5
DA:38,2
DA:41,5
DA:45,2
DA:48,5
DA:49,2
LF:15
LH:14
BRDA:16,0,0,0
BRDA:16,0,1,2
BRF:2
BRH:1
end_of_record
TN:
SF:src/services/order.service.ts
FN:11,(anonymous_0)
FN:30,(anonymous_1)
FN:38,(anonymous_2)
FN:39,(anonymous_3)
FN:53,(anonymous_4)
FN:73,(anonymous_5)
FN:79,(anonymous_6)
FN:85,(anonymous_7)
FN:89,(anonymous_8)
FN:96,(anonymous_9)
FN:100,(anonymous_10)
FNF:11
FNH:11
FNDA:9,(anonymous_0)
FNDA:10,(anonymous_1)
FNDA:9,(anonymous_2)
FNDA:10,(anonymous_3)
FNDA:9,(anonymous_4)
FNDA:3,(anonymous_5)
FNDA:1,(anonymous_6)
FNDA:1,(anonymous_7)
FNDA:1,(anonymous_8)
FNDA:1,(anonymous_9)
FNDA:1,(anonymous_10)
DA:11,5
DA:18,9
DA:19,9
DA:20,0
DA:24,9
DA:25,9
DA:26,0
DA:30,10
DA:31,9
DA:33,9
DA:34,1
DA:38,8
DA:39,10
DA:40,9
DA:41,0
DA:43,9
DA:52,8
DA:53,9
DA:57,8
DA:69,8
DA:70,8
DA:73,5
DA:74,3
DA:79,5
DA:80,1
DA:85,5
DA:86,1
DA:89,5
DA:93,1
DA:96,5
DA:97,1
DA:100,5
DA:101,1
LF:33
LH:30
BRDA:19,0,0,0
BRDA:19,0,1,9
BRDA:25,1,0,0
BRDA:25,1,1,9
BRDA:33,2,0,1
BRDA:33,2,1,8
BRDA:40,3,0,0
BRDA:40,3,1,9
BRF:8
BRH:5
end_of_record
TN:
SF:src/services/product.service.ts
FN:3,(anonymous_0)
FN:24,(anonymous_1)
FN:28,(anonymous_2)
FN:32,(anonymous_3)
FN:36,(anonymous_4)
FN:43,(anonymous_5)
FN:47,(anonymous_6)
FNF:7
FNH:5
FNDA:1,(anonymous_0)
FNDA:3,(anonymous_1)
FNDA:2,(anonymous_2)
FNDA:0,(anonymous_3)
FNDA:2,(anonymous_4)
FNDA:2,(anonymous_5)
FNDA:0,(anonymous_6)
DA:3,5
DA:11,1
DA:20,1
DA:21,1
DA:24,5
DA:25,3
DA:28,5
DA:29,2
DA:32,5
DA:33,0
DA:36,5
DA:40,2
DA:43,5
DA:44,2
DA:47,5
DA:48,0
LF:16
LH:14
BRDA:17,0,0,1
BRDA:17,0,1,1
BRF:2
BRH:2
end_of_record
TN:
SF:src/services/user.service.ts
FN:11,(anonymous_0)
FN:50,(anonymous_1)
FN:54,(anonymous_2)
FN:58,(anonymous_3)
FN:64,(anonymous_4)
FNF:5
FNH:4
FNDA:1,(anonymous_0)
FNDA:2,(anonymous_1)
FNDA:3,(anonymous_2)
FNDA:0,(anonymous_3)
FNDA:2,(anonymous_4)
DA:8,5
DA:11,5
DA:18,1
DA:19,1
DA:20,0
DA:21,0
DA:25,1
DA:26,1
DA:28,1
DA:30,1
DA:38,1
DA:42,1
DA:50,5
DA:51,2
DA:54,5
DA:55,3
DA:58,5
DA:61,0
DA:64,5
DA:68,2
DA:69,2
DA:71,2
DA:73,2
DA:74,2
DA:76,2
DA:77,0
DA:78,0
DA:81,2
DA:85,2
DA:87,0
LF:30
LH:24
BRDA:19,0,0,0
BRDA:19,0,1,1
BRDA:73,1,0,2
BRDA:73,1,1,0
BRDA:74,2,0,1
BRDA:74,2,1,1
BRDA:76,3,0,0
BRDA:76,3,1,2
BRF:8
BRH:5
end_of_record
TN:
SF:src/utils/jwt.util.ts
FN:10,(anonymous_0)
FN:14,(anonymous_1)
FN:18,(anonymous_2)
FN:22,(anonymous_3)
FNF:4
FNH:3
FNDA:18,(anonymous_0)
FNDA:18,(anonymous_1)
FNDA:14,(anonymous_2)
FNDA:0,(anonymous_3)
DA:3,5
DA:4,5
DA:6,5
DA:7,0
DA:10,5
DA:11,18
DA:14,5
DA:15,18
DA:18,5
DA:19,14
DA:22,5
DA:23,0
LF:12
LH:10
BRDA:6,0,0,0
BRDA:6,0,1,5
BRDA:6,1,0,5
BRDA:6,1,1,5
BRF:4
BRH:3
end_of_record
TN:
SF:src/utils/otp.util.ts
FN:1,(anonymous_0)
FNF:1
FNH:1
FNDA:1,(anonymous_0)
DA:1,5
DA:2,1
LF:2
LH:2
BRF:0
BRH:0
end_of_record
TN:
SF:src/validators/company.validator.ts
FNF:0
FNH:0
DA:5,5
DA:49,5
LF:2
LH:2
BRF:0
BRH:0
end_of_record
TN:
SF:src/validators/order.validator.ts
FNF:0
FNH:0
DA:5,5
DA:38,5
DA:51,5
LF:3
LH:3
BRF:0
BRH:0
end_of_record
TN:
SF:src/validators/product.validator.ts
FNF:0
FNH:0
DA:5,5
DA:47,5
LF:2
LH:2
BRF:0
BRH:0
end_of_record
TN:
SF:src/validators/user.validator.ts
FNF:0
FNH:0
DA:5,5
DA:41,5
LF:2
LH:2
BRF:0
BRH:0
end_of_record
TN:
SF:tests/helpers/auth.helper.ts
FN:17,(anonymous_0)
FN:51,(anonymous_1)
FNF:2
FNH:2
FNDA:17,(anonymous_0)
FNDA:2,(anonymous_1)
DA:17,3
DA:21,17
DA:24,17
DA:27,17
DA:30,17
DA:37,17
DA:38,0
DA:41,17
DA:51,3
LF:9
LH:8
BRDA:18,0,0,16
BRDA:37,1,0,0
BRDA:37,1,1,17
BRF:3
BRH:2
end_of_record
TN:
SF:tests/helpers/testData.helper.ts
FN:32,(anonymous_0)
FN:54,(anonymous_1)
FN:87,(anonymous_2)
FN:109,(anonymous_3)
FNF:4
FNH:4
FNDA:33,(anonymous_0)
FNDA:23,(anonymous_1)
FNDA:16,(anonymous_2)
FNDA:10,(anonymous_3)
DA:32,5
DA:35,33
DA:42,33
DA:43,33
DA:54,5
DA:58,23
DA:59,23
DA:61,23
DA:71,23
DA:73,23
DA:74,23
DA:87,5
DA:90,16
DA:98,16
DA:99,16
DA:109,5
DA:110,10
DA:111,10
DA:112,13
DA:117,13
DA:119,10
LF:21
LH:21
BRDA:33,0,0,29
BRDA:56,1,0,1
BRDA:58,2,0,23
BRDA:58,2,1,21
BRDA:88,3,0,1
BRDA:109,4,0,0
BRF:6
BRH:5
end_of_record
